<?xml version="1.0" encoding="UTF-8"?>
<!-- Generated by org.testng.reporters.JUnitReportReporter -->
<testsuite hostname="DESKTOP-V4LMU9K" failures="0" tests="1" name="test.LoginTest" time="2.262" errors="0" timestamp="2023-02-09T21:26:58 IST" skipped="0">
  <testcase classname="test.LoginTest" name="verifyTitleOfLoginPage" time="2.262"/>
  <system-out/>
</testsuite> <!-- test.LoginTest -->
